2019-11-19 18:12:07 [INFO]: CRUD Express API Rodizcar funcionando
2019-11-19 18:21:26 [INFO]: Iniciando a chamanda (POST) pelo recurso "/users"
2019-11-19 18:23:06 [INFO]: Iniciando a chamada (GET) pelo recurso "/users"
2019-11-19 18:23:26 [INFO]: Iniciando a chamanda (POST) pelo recurso "/users"
2019-11-19 18:25:17 [INFO]: Iniciando a chamada (GET) pelo recurso "/users"
2019-11-19 18:25:47 [INFO]: Iniciando a chamanda (POST) pelo recurso "/users"
2019-11-19 18:30:18 [INFO]: Iniciando a chamanda (POST) pelo recurso "/users"
2019-11-19 18:30:53 [INFO]: Iniciando a chamada (GET) pelo recurso "/users"
2019-11-19 18:32:12 [INFO]: Iniciando a chamada (GET) pelo recurso "/users"
2019-11-19 18:35:36 [INFO]: Iniciando a chamada (GET) pelo recurso "/users"
2019-11-19 18:41:28 [INFO]: Iniciando a chamada (GET) pelo recurso "/users"
2019-11-19 18:42:26 [INFO]: Iniciando a chamanda (POST) pelo recurso "/users"
2019-11-19 18:42:43 [INFO]: Iniciando a chamada (GET) pelo recurso "/users"
2019-11-19 18:43:36 [INFO]: Iniciando a chamada (GET) pelo recurso "/users"
2019-11-19 18:45:00 [INFO]: Iniciando a chamanda (POST) pelo recurso "/users"
2019-11-19 18:45:06 [INFO]: Iniciando a chamada (GET) pelo recurso "/users"
2019-11-19 18:47:26 [INFO]: Iniciando a chamada (GET) pelo recurso "/users"
2019-11-19 18:47:44 [INFO]: Iniciando a chamada (GET) pelo recurso "/users"
2019-11-19 18:48:13 [INFO]: Iniciando a chamanda (POST) pelo recurso "/users"
2019-11-19 18:48:28 [INFO]: Iniciando a chamada (GET) pelo recurso "/users"
2019-11-19 18:49:31 [INFO]: Iniciando a chamada (GET) pelo recurso "/users"
2019-11-20 09:13:00 [INFO]: Iniciando a chamada (GET) pelo recurso "/users"
2019-11-20 09:48:20 [INFO]: Iniciando a chamanda (GET) pelo recurso "/me"
2019-11-20 09:48:49 [INFO]: Iniciando a chamanda (POST) pelo recurso "/authenticate"
2019-11-20 09:49:03 [INFO]: Iniciando a chamanda (POST) pelo recurso "/authenticate"
2019-11-20 09:49:19 [INFO]: Iniciando a chamanda (POST) pelo recurso "/authenticate"
2019-11-20 09:49:26 [INFO]: Iniciando a chamanda (POST) pelo recurso "/authenticate"
2019-11-20 09:49:36 [INFO]: Iniciando a chamada (GET) pelo recurso "/users"
2019-11-20 09:50:15 [INFO]: Iniciando a chamada (GET) pelo recurso "/users"
2019-11-20 09:51:31 [INFO]: Iniciando a chamanda (POST) pelo recurso "/authenticate"
2019-11-20 09:52:09 [INFO]: Iniciando a chamanda (POST) pelo recurso "/authenticate"
2019-11-20 10:15:50 [INFO]: Iniciando a chamanda (POST) pelo recurso "/authenticate"
2019-11-20 10:16:42 [INFO]: Iniciando a chamanda (POST) pelo recurso "/authenticate"
2019-11-20 10:16:59 [INFO]: Iniciando a chamanda (POST) pelo recurso "/authenticate"
2019-11-20 10:17:01 [INFO]: Iniciando a chamanda (POST) pelo recurso "/authenticate"
2019-11-20 10:17:45 [INFO]: Iniciando a chamanda (POST) pelo recurso "/users"
2019-11-20 10:17:54 [INFO]: Iniciando a chamanda (POST) pelo recurso "/authenticate"
2019-11-20 10:18:07 [INFO]: Iniciando a chamanda (POST) pelo recurso "/authenticate"
2019-11-20 10:18:20 [INFO]: Iniciando a chamanda (POST) pelo recurso "/authenticate"
2019-11-20 10:18:21 [INFO]: Iniciando a chamanda (POST) pelo recurso "/authenticate"
2019-11-20 10:18:24 [INFO]: Iniciando a chamanda (POST) pelo recurso "/authenticate"
2019-11-20 10:19:26 [INFO]: Iniciando a chamanda (POST) pelo recurso "/authenticate"
2019-11-20 10:20:46 [INFO]: Iniciando a chamanda (POST) pelo recurso "/authenticate"
2019-11-20 10:21:58 [INFO]: Iniciando a chamanda (POST) pelo recurso "/authenticate"
2019-11-20 10:23:34 [INFO]: Iniciando a chamanda (POST) pelo recurso "/authenticate"
2019-11-20 10:25:30 [INFO]: Iniciando a chamanda (POST) pelo recurso "/authenticate"
2019-11-20 10:27:02 [INFO]: Iniciando a chamanda (POST) pelo recurso "/authenticate"
2019-11-20 10:29:02 [INFO]: Iniciando a chamanda (POST) pelo recurso "/authenticate"
2019-11-20 10:30:26 [INFO]: Iniciando a chamanda (POST) pelo recurso "/authenticate"
2019-11-20 10:38:49 [INFO]: Iniciando a chamanda (POST) pelo recurso "/authenticate"
2019-11-20 11:46:47 [INFO]: Iniciando a chamanda (POST) pelo recurso "/authenticate"
2019-11-20 11:50:34 [INFO]: Iniciando a chamanda (POST) pelo recurso "/authenticate"
2019-11-20 11:51:56 [INFO]: Iniciando a chamanda (POST) pelo recurso "/authenticate"
2019-11-20 11:54:11 [INFO]: Iniciando a chamanda (POST) pelo recurso "/authenticate"
2019-11-20 11:55:00 [INFO]: Iniciando a chamanda (POST) pelo recurso "/authenticate"
2019-11-20 11:55:11 [INFO]: Iniciando a chamanda (POST) pelo recurso "/authenticate"
2019-11-20 11:56:44 [INFO]: Iniciando a chamanda (POST) pelo recurso "/authenticate"
2019-11-20 11:56:58 [INFO]: Iniciando a chamanda (POST) pelo recurso "/authenticate"
2019-11-20 11:56:59 [INFO]: Iniciando a chamanda (POST) pelo recurso "/authenticate"
2019-11-20 11:57:08 [INFO]: Iniciando a chamanda (POST) pelo recurso "/authenticate"
2019-11-20 11:57:09 [INFO]: Iniciando a chamanda (POST) pelo recurso "/authenticate"
2019-11-20 11:57:46 [INFO]: Iniciando a chamanda (POST) pelo recurso "/authenticate"
2019-11-20 11:58:38 [INFO]: Iniciando a chamanda (POST) pelo recurso "/authenticate"
2019-11-20 11:58:54 [INFO]: Iniciando a chamanda (POST) pelo recurso "/authenticate"
2019-11-20 12:00:02 [INFO]: Iniciando a chamanda (POST) pelo recurso "/authenticate"
2019-11-20 12:00:32 [INFO]: Iniciando a chamanda (POST) pelo recurso "/authenticate"
2019-11-20 12:02:13 [INFO]: Iniciando a chamanda (POST) pelo recurso "/authenticate"
2019-11-20 12:02:14 [INFO]: Iniciando a chamanda (POST) pelo recurso "/authenticate"
2019-11-20 12:03:09 [INFO]: Iniciando a chamanda (POST) pelo recurso "/authenticate"
2019-11-20 12:03:12 [INFO]: Iniciando a chamanda (POST) pelo recurso "/authenticate"
2019-11-20 12:05:50 [INFO]: Iniciando a chamanda (POST) pelo recurso "/authenticate"
2019-11-20 12:06:25 [INFO]: Iniciando a chamanda (POST) pelo recurso "/authenticate"
2019-11-20 12:06:56 [INFO]: Iniciando a chamanda (POST) pelo recurso "/authenticate"
2019-11-20 12:07:00 [INFO]: Iniciando a chamanda (POST) pelo recurso "/authenticate"
2019-11-20 12:07:00 [INFO]: Iniciando a chamanda (POST) pelo recurso "/authenticate"
2019-11-20 12:07:01 [INFO]: Iniciando a chamanda (POST) pelo recurso "/authenticate"
2019-11-20 12:07:01 [INFO]: Iniciando a chamanda (POST) pelo recurso "/authenticate"
2019-11-20 12:11:53 [INFO]: Iniciando a chamanda (POST) pelo recurso "/authenticate"
2019-11-20 12:13:47 [INFO]: Iniciando a chamanda (POST) pelo recurso "/authenticate"
2019-11-20 12:15:35 [INFO]: Iniciando a chamanda (POST) pelo recurso "/authenticate"
2019-11-20 12:19:42 [INFO]: Iniciando a chamanda (POST) pelo recurso "/authenticate"
2019-11-20 12:20:14 [INFO]: Iniciando a chamanda (POST) pelo recurso "/authenticate"
2019-11-20 12:22:28 [INFO]: Iniciando a chamanda (POST) pelo recurso "/authenticate"
2019-11-20 12:28:30 [INFO]: Iniciando a chamanda (POST) pelo recurso "/authenticate"
2019-11-20 12:29:32 [INFO]: Iniciando a chamanda (POST) pelo recurso "/authenticate"
2019-11-20 12:37:24 [INFO]: Iniciando a chamanda (POST) pelo recurso "/authenticate"
2019-11-20 12:37:37 [INFO]: Iniciando a chamanda (POST) pelo recurso "/authenticate"
2019-11-20 12:47:34 [INFO]: Iniciando a chamanda (GET) pelo recurso "/me"
2019-11-20 14:34:00 [INFO]: Iniciando a chamanda (POST) pelo recurso "/authenticate"
2019-11-20 14:35:08 [INFO]: Iniciando a chamanda (POST) pelo recurso "/authenticate"
2019-11-20 14:35:57 [INFO]: Iniciando a chamanda (POST) pelo recurso "/authenticate"
2019-11-20 14:37:21 [INFO]: Iniciando a chamanda (POST) pelo recurso "/authenticate"
2019-11-20 14:41:40 [INFO]: Iniciando a chamanda (GET) pelo recurso "/me"
2019-11-20 14:41:52 [INFO]: Iniciando a chamanda (GET) pelo recurso "/me"
2019-11-20 14:41:54 [INFO]: Iniciando a chamanda (GET) pelo recurso "/me"
2019-11-20 14:41:55 [INFO]: Iniciando a chamanda (GET) pelo recurso "/me"
2019-11-20 14:44:02 [INFO]: Iniciando a chamanda (GET) pelo recurso "/me"
2019-11-20 14:44:04 [INFO]: Iniciando a chamanda (GET) pelo recurso "/me"
2019-11-20 15:26:36 [INFO]: Iniciando a chamanda (POST) pelo recurso "/authenticate"
2019-11-20 15:43:11 [INFO]: Iniciando a chamanda (GET) pelo recurso "/me"
2019-11-20 15:43:43 [INFO]: Iniciando a chamanda (GET) pelo recurso "/me"
2019-11-20 15:47:15 [INFO]: Iniciando a chamanda (GET) pelo recurso "/me"
2019-11-20 16:39:11 [INFO]: Iniciando a chamanda (POST) pelo recurso "/authenticate"
2019-11-20 16:43:27 [INFO]: CRUD Express API Rodizcar funcionando
2019-11-20 16:43:37 [INFO]: CRUD Express API Rodizcar funcionando
2019-11-20 17:52:23 [INFO]: Iniciando a chamanda (POST) pelo recurso "/authenticate"
2019-11-20 17:54:26 [INFO]: Iniciando a chamanda (POST) pelo recurso "/authenticate"
2019-11-20 17:59:06 [INFO]: Iniciando a chamanda (POST) pelo recurso "/authenticate"
2019-11-20 18:25:05 [INFO]: Iniciando a chamanda (POST) pelo recurso "/users"
2019-11-20 18:32:58 [INFO]: Iniciando a chamanda (POST) pelo recurso "/users"
2019-11-20 18:35:31 [INFO]: Iniciando a chamanda (POST) pelo recurso "/users"
2019-11-20 18:36:08 [INFO]: Iniciando a chamanda (POST) pelo recurso "/users"
2019-11-20 18:36:10 [INFO]: Iniciando a chamanda (POST) pelo recurso "/users"
2019-11-20 18:36:12 [INFO]: Iniciando a chamanda (POST) pelo recurso "/users"
2019-11-20 18:36:31 [INFO]: Iniciando a chamanda (POST) pelo recurso "/users"
2019-11-20 18:37:18 [INFO]: Iniciando a chamanda (POST) pelo recurso "/users"
2019-11-20 18:39:35 [INFO]: Iniciando a chamanda (POST) pelo recurso "/users"
2019-11-20 18:43:51 [INFO]: Iniciando a chamanda (POST) pelo recurso "/users"
2019-11-20 18:47:18 [INFO]: Iniciando a chamanda (POST) pelo recurso "/users"
2019-11-20 18:48:11 [INFO]: Iniciando a chamanda (POST) pelo recurso "/users"
2019-11-20 18:48:41 [INFO]: Iniciando a chamanda (POST) pelo recurso "/users"
